2023.06.11, 16:50:22.0496 UTC -> Creating blue-eyes-white-dragon
2023.06.11, 16:50:26.0769 UTC -> Creating mild-turkey
2023.06.11, 16:50:33.0502 UTC -> Creating accesscode-talker
2023.06.11, 16:50:40.0961 UTC -> Creating number-39-utopia
2023.06.11, 16:50:45.0080 UTC -> Creating evenly-matched
2023.06.11, 16:50:49.0505 UTC -> Creating roulette-spider
2023.06.11, 16:50:55.0696 UTC -> Creating endymion-the-mighty-master-of-magic
2023.06.11, 16:53:26.0803 UTC -> Creating blue-eyes-white-dragon
2023.06.11, 16:54:31.0792 UTC -> Creating blue-eyes-white-dragon
2023.06.11, 16:58:53.0329 UTC -> Creating blue-eyes-white-dragon
2023.06.11, 16:58:57.0522 UTC -> Creating mild-turkey
2023.06.11, 16:59:04.0822 UTC -> Creating accesscode-talker
2023.06.11, 16:59:12.0047 UTC -> Creating number-39-utopia
2023.06.11, 16:59:16.0292 UTC -> Creating evenly-matched
2023.06.11, 16:59:21.0199 UTC -> Creating roulette-spider
2023.06.11, 16:59:26.0830 UTC -> Creating endymion-the-mighty-master-of-magic
2023.06.11, 17:00:19.0100 UTC -> Creating blue-eyes-white-dragon
2023.06.11, 17:01:15.0095 UTC -> Creating mild-turkey
2023.06.11, 17:02:10.0462 UTC -> Creating mild-turkey
2023.06.11, 17:02:25.0501 UTC -> Creating mild-turkey
